{"__filename":"/Users/mmkal/src/eslint-plugin-mmkal/node_modules/.pnpm/eslint-plugin-prettier@5.1.3_@types+eslint@8.44.7_eslint-config-prettier@9.1.0_eslint@8.57.0_prettier@3.1.0/node_modules/eslint-plugin-prettier/worker.js","prettierRcOptions":null}{
  "__filename": "/Users/mmkal/src/eslint-plugin-mmkal/node_modules/.pnpm/eslint-plugin-prettier@5.1.3_@types+eslint@8.44.7_eslint-config-prettier@9.1.0_eslint@8.57.0_prettier@3.1.0/node_modules/eslint-plugin-prettier/worker.js",
  "prettierRcOptions": null,
  "ignored": false,
  "inferredParser": "markdown"
}{"__filename":"/Users/mmkal/src/eslint-plugin-mmkal/node_modules/.pnpm/eslint-plugin-prettier@5.1.3_@types+eslint@8.44.7_eslint-config-prettier@9.1.0_eslint@8.57.0_prettier@3.1.0/node_modules/eslint-plugin-prettier/worker.js","prettierRcOptions":null}{
  "__filename": "/Users/mmkal/src/eslint-plugin-mmkal/node_modules/.pnpm/eslint-plugin-prettier@5.1.3_@types+eslint@8.44.7_eslint-config-prettier@9.1.0_eslint@8.57.0_prettier@3.1.0/node_modules/eslint-plugin-prettier/worker.js",
  "prettierRcOptions": null,
  "ignored": false,
  "inferredParser": "markdown"
}{"__filename":"/Users/mmkal/src/eslint-plugin-mmkal/node_modules/.pnpm/eslint-plugin-prettier@5.1.3_@types+eslint@8.44.7_eslint-config-prettier@9.1.0_eslint@8.57.0_prettier@3.1.0/node_modules/eslint-plugin-prettier/worker.js","prettierRcOptions":null}{
  "__filename": "/Users/mmkal/src/eslint-plugin-mmkal/node_modules/.pnpm/eslint-plugin-prettier@5.1.3_@types+eslint@8.44.7_eslint-config-prettier@9.1.0_eslint@8.57.0_prettier@3.1.0/node_modules/eslint-plugin-prettier/worker.js",
  "prettierRcOptions": null,
  "ignored": false,
  "inferredParser": "markdown"
}{"__filename":"/Users/mmkal/src/eslint-plugin-mmkal/node_modules/.pnpm/eslint-plugin-prettier@5.1.3_@types+eslint@8.44.7_eslint-config-prettier@9.1.0_eslint@8.57.0_prettier@3.1.0/node_modules/eslint-plugin-prettier/worker.js","prettierRcOptions":null}{
  "__filename": "/Users/mmkal/src/eslint-plugin-mmkal/node_modules/.pnpm/eslint-plugin-prettier@5.1.3_@types+eslint@8.44.7_eslint-config-prettier@9.1.0_eslint@8.57.0_prettier@3.1.0/node_modules/eslint-plugin-prettier/worker.js",
  "prettierRcOptions": null,
  "ignored": false,
  "inferredParser": "markdown"
}{"__filename":"/Users/mmkal/src/eslint-plugin-mmkal/node_modules/.pnpm/eslint-plugin-prettier@5.1.3_@types+eslint@8.44.7_eslint-config-prettier@9.1.0_eslint@8.57.0_prettier@3.1.0/node_modules/eslint-plugin-prettier/worker.js","prettierRcOptions":null}{
  "__filename": "/Users/mmkal/src/eslint-plugin-mmkal/node_modules/.pnpm/eslint-plugin-prettier@5.1.3_@types+eslint@8.44.7_eslint-config-prettier@9.1.0_eslint@8.57.0_prettier@3.1.0/node_modules/eslint-plugin-prettier/worker.js",
  "prettierRcOptions": null,
  "ignored": false,
  "inferredParser": "markdown"
}{"__filename":"/Users/mmkal/src/eslint-plugin-mmkal/node_modules/.pnpm/eslint-plugin-prettier@5.1.3_@types+eslint@8.44.7_eslint-config-prettier@9.1.0_eslint@8.57.0_prettier@3.1.0/node_modules/eslint-plugin-prettier/worker.js","prettierRcOptions":null}{
  "__filename": "/Users/mmkal/src/eslint-plugin-mmkal/node_modules/.pnpm/eslint-plugin-prettier@5.1.3_@types+eslint@8.44.7_eslint-config-prettier@9.1.0_eslint@8.57.0_prettier@3.1.0/node_modules/eslint-plugin-prettier/worker.js",
  "prettierRcOptions": null,
  "ignored": false,
  "inferredParser": "markdown"
}{"__filename":"/Users/mmkal/src/eslint-plugin-mmkal/node_modules/.pnpm/eslint-plugin-prettier@5.1.3_@types+eslint@8.44.7_eslint-config-prettier@9.1.0_eslint@8.57.0_prettier@3.1.0/node_modules/eslint-plugin-prettier/worker.js","prettierRcOptions":null}{
  "__filename": "/Users/mmkal/src/eslint-plugin-mmkal/node_modules/.pnpm/eslint-plugin-prettier@5.1.3_@types+eslint@8.44.7_eslint-config-prettier@9.1.0_eslint@8.57.0_prettier@3.1.0/node_modules/eslint-plugin-prettier/worker.js",
  "prettierRcOptions": null,
  "ignored": false,
  "inferredParser": "markdown"
}{"__filename":"/Users/mmkal/src/eslint-plugin-mmkal/node_modules/.pnpm/eslint-plugin-prettier@5.1.3_@types+eslint@8.44.7_eslint-config-prettier@9.1.0_eslint@8.57.0_prettier@3.1.0/node_modules/eslint-plugin-prettier/worker.js","prettierRcOptions":null}{
  "__filename": "/Users/mmkal/src/eslint-plugin-mmkal/node_modules/.pnpm/eslint-plugin-prettier@5.1.3_@types+eslint@8.44.7_eslint-config-prettier@9.1.0_eslint@8.57.0_prettier@3.1.0/node_modules/eslint-plugin-prettier/worker.js",
  "prettierRcOptions": null,
  "ignored": false,
  "inferredParser": "markdown"
}{"__filename":"/Users/mmkal/src/eslint-plugin-mmkal/node_modules/.pnpm/eslint-plugin-prettier@5.1.3_@types+eslint@8.44.7_eslint-config-prettier@9.1.0_eslint@8.57.0_prettier@3.1.0/node_modules/eslint-plugin-prettier/worker.js","prettierRcOptions":null}{
  "__filename": "/Users/mmkal/src/eslint-plugin-mmkal/node_modules/.pnpm/eslint-plugin-prettier@5.1.3_@types+eslint@8.44.7_eslint-config-prettier@9.1.0_eslint@8.57.0_prettier@3.1.0/node_modules/eslint-plugin-prettier/worker.js",
  "prettierRcOptions": null,
  "ignored": false,
  "inferredParser": "markdown"
}{"__filename":"/Users/mmkal/src/eslint-plugin-mmkal/node_modules/.pnpm/eslint-plugin-prettier@5.1.3_@types+eslint@8.44.7_eslint-config-prettier@9.1.0_eslint@8.57.0_prettier@3.1.0/node_modules/eslint-plugin-prettier/worker.js","prettierRcOptions":null}{
  "__filename": "/Users/mmkal/src/eslint-plugin-mmkal/node_modules/.pnpm/eslint-plugin-prettier@5.1.3_@types+eslint@8.44.7_eslint-config-prettier@9.1.0_eslint@8.57.0_prettier@3.1.0/node_modules/eslint-plugin-prettier/worker.js",
  "prettierRcOptions": null,
  "ignored": false,
  "inferredParser": "markdown"
}{"__filename":"/Users/mmkal/src/eslint-plugin-mmkal/node_modules/.pnpm/eslint-plugin-prettier@5.1.3_@types+eslint@8.44.7_eslint-config-prettier@9.1.0_eslint@8.57.0_prettier@3.1.0/node_modules/eslint-plugin-prettier/worker.js","prettierRcOptions":null}{
  "__filename": "/Users/mmkal/src/eslint-plugin-mmkal/node_modules/.pnpm/eslint-plugin-prettier@5.1.3_@types+eslint@8.44.7_eslint-config-prettier@9.1.0_eslint@8.57.0_prettier@3.1.0/node_modules/eslint-plugin-prettier/worker.js",
  "prettierRcOptions": null,
  "ignored": false,
  "inferredParser": "markdown"
}{"__filename":"/Users/mmkal/src/eslint-plugin-mmkal/node_modules/.pnpm/eslint-plugin-prettier@5.1.3_@types+eslint@8.44.7_eslint-config-prettier@9.1.0_eslint@8.57.0_prettier@3.1.0/node_modules/eslint-plugin-prettier/worker.js","prettierRcOptions":null}{
  "__filename": "/Users/mmkal/src/eslint-plugin-mmkal/node_modules/.pnpm/eslint-plugin-prettier@5.1.3_@types+eslint@8.44.7_eslint-config-prettier@9.1.0_eslint@8.57.0_prettier@3.1.0/node_modules/eslint-plugin-prettier/worker.js",
  "prettierRcOptions": null,
  "ignored": false,
  "inferredParser": "markdown"
}{"__filename":"/Users/mmkal/src/eslint-plugin-mmkal/node_modules/.pnpm/eslint-plugin-prettier@5.1.3_@types+eslint@8.44.7_eslint-config-prettier@9.1.0_eslint@8.57.0_prettier@3.1.0/node_modules/eslint-plugin-prettier/worker.js","prettierRcOptions":null}{
  "__filename": "/Users/mmkal/src/eslint-plugin-mmkal/node_modules/.pnpm/eslint-plugin-prettier@5.1.3_@types+eslint@8.44.7_eslint-config-prettier@9.1.0_eslint@8.57.0_prettier@3.1.0/node_modules/eslint-plugin-prettier/worker.js",
  "prettierRcOptions": null,
  "ignored": false,
  "inferredParser": "markdown"
}{"__filename":"/Users/mmkal/src/eslint-plugin-mmkal/node_modules/.pnpm/eslint-plugin-prettier@5.1.3_@types+eslint@8.44.7_eslint-config-prettier@9.1.0_eslint@8.57.0_prettier@3.1.0/node_modules/eslint-plugin-prettier/worker.js","prettierRcOptions":null}{
  "__filename": "/Users/mmkal/src/eslint-plugin-mmkal/node_modules/.pnpm/eslint-plugin-prettier@5.1.3_@types+eslint@8.44.7_eslint-config-prettier@9.1.0_eslint@8.57.0_prettier@3.1.0/node_modules/eslint-plugin-prettier/worker.js",
  "prettierRcOptions": null,
  "ignored": false,
  "inferredParser": "markdown"
}{"__filename":"/Users/mmkal/src/eslint-plugin-mmkal/node_modules/.pnpm/eslint-plugin-prettier@5.1.3_@types+eslint@8.44.7_eslint-config-prettier@9.1.0_eslint@8.57.0_prettier@3.1.0/node_modules/eslint-plugin-prettier/worker.js","prettierRcOptions":null}{
  "__filename": "/Users/mmkal/src/eslint-plugin-mmkal/node_modules/.pnpm/eslint-plugin-prettier@5.1.3_@types+eslint@8.44.7_eslint-config-prettier@9.1.0_eslint@8.57.0_prettier@3.1.0/node_modules/eslint-plugin-prettier/worker.js",
  "prettierRcOptions": null,
  "ignored": false,
  "inferredParser": "markdown"
}{"__filename":"/Users/mmkal/src/eslint-plugin-mmkal/node_modules/.pnpm/eslint-plugin-prettier@5.1.3_@types+eslint@8.44.7_eslint-config-prettier@9.1.0_eslint@8.57.0_prettier@3.1.0/node_modules/eslint-plugin-prettier/worker.js","prettierRcOptions":null}{
  "__filename": "/Users/mmkal/src/eslint-plugin-mmkal/node_modules/.pnpm/eslint-plugin-prettier@5.1.3_@types+eslint@8.44.7_eslint-config-prettier@9.1.0_eslint@8.57.0_prettier@3.1.0/node_modules/eslint-plugin-prettier/worker.js",
  "prettierRcOptions": null,
  "ignored": false,
  "inferredParser": "markdown"
}{"__filename":"/Users/mmkal/src/eslint-plugin-mmkal/node_modules/.pnpm/eslint-plugin-prettier@5.1.3_@types+eslint@8.44.7_eslint-config-prettier@9.1.0_eslint@8.57.0_prettier@3.1.0/node_modules/eslint-plugin-prettier/worker.js","prettierRcOptions":null}{
  "__filename": "/Users/mmkal/src/eslint-plugin-mmkal/node_modules/.pnpm/eslint-plugin-prettier@5.1.3_@types+eslint@8.44.7_eslint-config-prettier@9.1.0_eslint@8.57.0_prettier@3.1.0/node_modules/eslint-plugin-prettier/worker.js",
  "prettierRcOptions": null,
  "ignored": false,
  "inferredParser": "markdown"
}{"__filename":"/Users/mmkal/src/eslint-plugin-mmkal/node_modules/.pnpm/eslint-plugin-prettier@5.1.3_@types+eslint@8.44.7_eslint-config-prettier@9.1.0_eslint@8.57.0_prettier@3.1.0/node_modules/eslint-plugin-prettier/worker.js","prettierRcOptions":null}{
  "__filename": "/Users/mmkal/src/eslint-plugin-mmkal/node_modules/.pnpm/eslint-plugin-prettier@5.1.3_@types+eslint@8.44.7_eslint-config-prettier@9.1.0_eslint@8.57.0_prettier@3.1.0/node_modules/eslint-plugin-prettier/worker.js",
  "prettierRcOptions": null,
  "ignored": false,
  "inferredParser": "markdown"
}{"__filename":"/Users/mmkal/src/eslint-plugin-mmkal/node_modules/.pnpm/eslint-plugin-prettier@5.1.3_@types+eslint@8.44.7_eslint-config-prettier@9.1.0_eslint@8.57.0_prettier@3.1.0/node_modules/eslint-plugin-prettier/worker.js","prettierRcOptions":null}{
  "__filename": "/Users/mmkal/src/eslint-plugin-mmkal/node_modules/.pnpm/eslint-plugin-prettier@5.1.3_@types+eslint@8.44.7_eslint-config-prettier@9.1.0_eslint@8.57.0_prettier@3.1.0/node_modules/eslint-plugin-prettier/worker.js",
  "prettierRcOptions": null,
  "ignored": false,
  "inferredParser": "markdown"
}{"__filename":"/Users/mmkal/src/eslint-plugin-mmkal/node_modules/.pnpm/eslint-plugin-prettier@5.1.3_@types+eslint@8.44.7_eslint-config-prettier@9.1.0_eslint@8.57.0_prettier@3.1.0/node_modules/eslint-plugin-prettier/worker.js","prettierRcOptions":null}{
  "__filename": "/Users/mmkal/src/eslint-plugin-mmkal/node_modules/.pnpm/eslint-plugin-prettier@5.1.3_@types+eslint@8.44.7_eslint-config-prettier@9.1.0_eslint@8.57.0_prettier@3.1.0/node_modules/eslint-plugin-prettier/worker.js",
  "prettierRcOptions": null,
  "ignored": false,
  "inferredParser": "markdown"
}{"__filename":"/Users/mmkal/src/eslint-plugin-mmkal/node_modules/.pnpm/eslint-plugin-prettier@5.1.3_@types+eslint@8.44.7_eslint-config-prettier@9.1.0_eslint@8.57.0_prettier@3.1.0/node_modules/eslint-plugin-prettier/worker.js","prettierRcOptions":null}{
  "__filename": "/Users/mmkal/src/eslint-plugin-mmkal/node_modules/.pnpm/eslint-plugin-prettier@5.1.3_@types+eslint@8.44.7_eslint-config-prettier@9.1.0_eslint@8.57.0_prettier@3.1.0/node_modules/eslint-plugin-prettier/worker.js",
  "prettierRcOptions": null,
  "ignored": false,
  "inferredParser": "markdown"
}{"__filename":"/Users/mmkal/src/eslint-plugin-mmkal/node_modules/.pnpm/eslint-plugin-prettier@5.1.3_@types+eslint@8.44.7_eslint-config-prettier@9.1.0_eslint@8.57.0_prettier@3.1.0/node_modules/eslint-plugin-prettier/worker.js","prettierRcOptions":null}{
  "__filename": "/Users/mmkal/src/eslint-plugin-mmkal/node_modules/.pnpm/eslint-plugin-prettier@5.1.3_@types+eslint@8.44.7_eslint-config-prettier@9.1.0_eslint@8.57.0_prettier@3.1.0/node_modules/eslint-plugin-prettier/worker.js",
  "prettierRcOptions": null,
  "ignored": false,
  "inferredParser": "markdown"
}{"__filename":"/Users/mmkal/src/eslint-plugin-mmkal/node_modules/.pnpm/eslint-plugin-prettier@5.1.3_@types+eslint@8.44.7_eslint-config-prettier@9.1.0_eslint@8.57.0_prettier@3.1.0/node_modules/eslint-plugin-prettier/worker.js","prettierRcOptions":null}{
  "__filename": "/Users/mmkal/src/eslint-plugin-mmkal/node_modules/.pnpm/eslint-plugin-prettier@5.1.3_@types+eslint@8.44.7_eslint-config-prettier@9.1.0_eslint@8.57.0_prettier@3.1.0/node_modules/eslint-plugin-prettier/worker.js",
  "prettierRcOptions": null,
  "ignored": false,
  "inferredParser": "markdown"
}{"__filename":"/Users/mmkal/src/eslint-plugin-mmkal/node_modules/.pnpm/eslint-plugin-prettier@5.1.3_@types+eslint@8.44.7_eslint-config-prettier@9.1.0_eslint@8.57.0_prettier@3.1.0/node_modules/eslint-plugin-prettier/worker.js","prettierRcOptions":null}{
  "__filename": "/Users/mmkal/src/eslint-plugin-mmkal/node_modules/.pnpm/eslint-plugin-prettier@5.1.3_@types+eslint@8.44.7_eslint-config-prettier@9.1.0_eslint@8.57.0_prettier@3.1.0/node_modules/eslint-plugin-prettier/worker.js",
  "prettierRcOptions": null,
  "ignored": false,
  "inferredParser": "markdown"
}{"__filename":"/Users/mmkal/src/eslint-plugin-mmkal/node_modules/.pnpm/eslint-plugin-prettier@5.1.3_@types+eslint@8.44.7_eslint-config-prettier@9.1.0_eslint@8.57.0_prettier@3.1.0/node_modules/eslint-plugin-prettier/worker.js","prettierRcOptions":null}{
  "__filename": "/Users/mmkal/src/eslint-plugin-mmkal/node_modules/.pnpm/eslint-plugin-prettier@5.1.3_@types+eslint@8.44.7_eslint-config-prettier@9.1.0_eslint@8.57.0_prettier@3.1.0/node_modules/eslint-plugin-prettier/worker.js",
  "prettierRcOptions": null,
  "ignored": false,
  "inferredParser": "markdown"
}{"__filename":"/Users/mmkal/src/eslint-plugin-mmkal/node_modules/.pnpm/eslint-plugin-prettier@5.1.3_@types+eslint@8.44.7_eslint-config-prettier@9.1.0_eslint@8.57.0_prettier@3.1.0/node_modules/eslint-plugin-prettier/worker.js","prettierRcOptions":null}{
  "__filename": "/Users/mmkal/src/eslint-plugin-mmkal/node_modules/.pnpm/eslint-plugin-prettier@5.1.3_@types+eslint@8.44.7_eslint-config-prettier@9.1.0_eslint@8.57.0_prettier@3.1.0/node_modules/eslint-plugin-prettier/worker.js",
  "prettierRcOptions": null,
  "ignored": false,
  "inferredParser": "markdown"
}{"__filename":"/Users/mmkal/src/eslint-plugin-mmkal/node_modules/.pnpm/eslint-plugin-prettier@5.1.3_@types+eslint@8.44.7_eslint-config-prettier@9.1.0_eslint@8.57.0_prettier@3.1.0/node_modules/eslint-plugin-prettier/worker.js","prettierRcOptions":null}{
  "__filename": "/Users/mmkal/src/eslint-plugin-mmkal/node_modules/.pnpm/eslint-plugin-prettier@5.1.3_@types+eslint@8.44.7_eslint-config-prettier@9.1.0_eslint@8.57.0_prettier@3.1.0/node_modules/eslint-plugin-prettier/worker.js",
  "prettierRcOptions": null,
  "ignored": false,
  "inferredParser": "markdown"
}{"__filename":"/Users/mmkal/src/eslint-plugin-mmkal/node_modules/.pnpm/eslint-plugin-prettier@5.1.3_@types+eslint@8.44.7_eslint-config-prettier@9.1.0_eslint@8.57.0_prettier@3.1.0/node_modules/eslint-plugin-prettier/worker.js","prettierRcOptions":null}{
  "__filename": "/Users/mmkal/src/eslint-plugin-mmkal/node_modules/.pnpm/eslint-plugin-prettier@5.1.3_@types+eslint@8.44.7_eslint-config-prettier@9.1.0_eslint@8.57.0_prettier@3.1.0/node_modules/eslint-plugin-prettier/worker.js",
  "prettierRcOptions": null,
  "ignored": false,
  "inferredParser": "markdown"
}{"__filename":"/Users/mmkal/src/eslint-plugin-mmkal/node_modules/.pnpm/eslint-plugin-prettier@5.1.3_@types+eslint@8.44.7_eslint-config-prettier@9.1.0_eslint@8.57.0_prettier@3.1.0/node_modules/eslint-plugin-prettier/worker.js","prettierRcOptions":null}{
  "__filename": "/Users/mmkal/src/eslint-plugin-mmkal/node_modules/.pnpm/eslint-plugin-prettier@5.1.3_@types+eslint@8.44.7_eslint-config-prettier@9.1.0_eslint@8.57.0_prettier@3.1.0/node_modules/eslint-plugin-prettier/worker.js",
  "prettierRcOptions": null,
  "ignored": false,
  "inferredParser": "markdown"
}{"__filename":"/Users/mmkal/src/eslint-plugin-mmkal/node_modules/.pnpm/eslint-plugin-prettier@5.1.3_@types+eslint@8.44.7_eslint-config-prettier@9.1.0_eslint@8.57.0_prettier@3.1.0/node_modules/eslint-plugin-prettier/worker.js","prettierRcOptions":null}{
  "__filename": "/Users/mmkal/src/eslint-plugin-mmkal/node_modules/.pnpm/eslint-plugin-prettier@5.1.3_@types+eslint@8.44.7_eslint-config-prettier@9.1.0_eslint@8.57.0_prettier@3.1.0/node_modules/eslint-plugin-prettier/worker.js",
  "prettierRcOptions": null,
  "ignored": false,
  "inferredParser": "markdown"
}{"__filename":"/Users/mmkal/src/eslint-plugin-mmkal/node_modules/.pnpm/eslint-plugin-prettier@5.1.3_@types+eslint@8.44.7_eslint-config-prettier@9.1.0_eslint@8.57.0_prettier@3.1.0/node_modules/eslint-plugin-prettier/worker.js","prettierRcOptions":null}{
  "__filename": "/Users/mmkal/src/eslint-plugin-mmkal/node_modules/.pnpm/eslint-plugin-prettier@5.1.3_@types+eslint@8.44.7_eslint-config-prettier@9.1.0_eslint@8.57.0_prettier@3.1.0/node_modules/eslint-plugin-prettier/worker.js",
  "prettierRcOptions": null,
  "ignored": false,
  "inferredParser": "markdown"
}{"__filename":"/Users/mmkal/src/eslint-plugin-mmkal/node_modules/.pnpm/eslint-plugin-prettier@5.1.3_@types+eslint@8.44.7_eslint-config-prettier@9.1.0_eslint@8.57.0_prettier@3.1.0/node_modules/eslint-plugin-prettier/worker.js","prettierRcOptions":null}{
  "__filename": "/Users/mmkal/src/eslint-plugin-mmkal/node_modules/.pnpm/eslint-plugin-prettier@5.1.3_@types+eslint@8.44.7_eslint-config-prettier@9.1.0_eslint@8.57.0_prettier@3.1.0/node_modules/eslint-plugin-prettier/worker.js",
  "prettierRcOptions": null,
  "ignored": false,
  "inferredParser": "markdown"
}{"__filename":"/Users/mmkal/src/eslint-plugin-mmkal/node_modules/.pnpm/eslint-plugin-prettier@5.1.3_@types+eslint@8.44.7_eslint-config-prettier@9.1.0_eslint@8.57.0_prettier@3.1.0/node_modules/eslint-plugin-prettier/worker.js","prettierRcOptions":null}{
  "__filename": "/Users/mmkal/src/eslint-plugin-mmkal/node_modules/.pnpm/eslint-plugin-prettier@5.1.3_@types+eslint@8.44.7_eslint-config-prettier@9.1.0_eslint@8.57.0_prettier@3.1.0/node_modules/eslint-plugin-prettier/worker.js",
  "prettierRcOptions": null,
  "ignored": false,
  "inferredParser": "markdown"
}{"__filename":"/Users/mmkal/src/eslint-plugin-mmkal/node_modules/.pnpm/eslint-plugin-prettier@5.1.3_@types+eslint@8.44.7_eslint-config-prettier@9.1.0_eslint@8.57.0_prettier@3.1.0/node_modules/eslint-plugin-prettier/worker.js","prettierRcOptions":null}{
  "__filename": "/Users/mmkal/src/eslint-plugin-mmkal/node_modules/.pnpm/eslint-plugin-prettier@5.1.3_@types+eslint@8.44.7_eslint-config-prettier@9.1.0_eslint@8.57.0_prettier@3.1.0/node_modules/eslint-plugin-prettier/worker.js",
  "prettierRcOptions": null,
  "ignored": false,
  "inferredParser": "markdown"
}{"__filename":"/Users/mmkal/src/eslint-plugin-mmkal/node_modules/.pnpm/eslint-plugin-prettier@5.1.3_@types+eslint@8.44.7_eslint-config-prettier@9.1.0_eslint@8.57.0_prettier@3.1.0/node_modules/eslint-plugin-prettier/worker.js","prettierRcOptions":null}{
  "__filename": "/Users/mmkal/src/eslint-plugin-mmkal/node_modules/.pnpm/eslint-plugin-prettier@5.1.3_@types+eslint@8.44.7_eslint-config-prettier@9.1.0_eslint@8.57.0_prettier@3.1.0/node_modules/eslint-plugin-prettier/worker.js",
  "prettierRcOptions": null,
  "ignored": false,
  "inferredParser": "markdown"
}{"__filename":"/Users/mmkal/src/eslint-plugin-mmkal/node_modules/.pnpm/eslint-plugin-prettier@5.1.3_@types+eslint@8.44.7_eslint-config-prettier@9.1.0_eslint@8.57.0_prettier@3.1.0/node_modules/eslint-plugin-prettier/worker.js","prettierRcOptions":null}{
  "__filename": "/Users/mmkal/src/eslint-plugin-mmkal/node_modules/.pnpm/eslint-plugin-prettier@5.1.3_@types+eslint@8.44.7_eslint-config-prettier@9.1.0_eslint@8.57.0_prettier@3.1.0/node_modules/eslint-plugin-prettier/worker.js",
  "prettierRcOptions": null,
  "ignored": false,
  "inferredParser": "markdown"
}{"__filename":"/Users/mmkal/src/eslint-plugin-mmkal/node_modules/.pnpm/eslint-plugin-prettier@5.1.3_@types+eslint@8.44.7_eslint-config-prettier@9.1.0_eslint@8.57.0_prettier@3.1.0/node_modules/eslint-plugin-prettier/worker.js","prettierRcOptions":null}{
  "__filename": "/Users/mmkal/src/eslint-plugin-mmkal/node_modules/.pnpm/eslint-plugin-prettier@5.1.3_@types+eslint@8.44.7_eslint-config-prettier@9.1.0_eslint@8.57.0_prettier@3.1.0/node_modules/eslint-plugin-prettier/worker.js",
  "prettierRcOptions": null,
  "ignored": false,
  "inferredParser": "markdown"
}{"__filename":"/Users/mmkal/src/eslint-plugin-mmkal/node_modules/.pnpm/eslint-plugin-prettier@5.1.3_@types+eslint@8.44.7_eslint-config-prettier@9.1.0_eslint@8.57.0_prettier@3.1.0/node_modules/eslint-plugin-prettier/worker.js","prettierRcOptions":null}{
  "__filename": "/Users/mmkal/src/eslint-plugin-mmkal/node_modules/.pnpm/eslint-plugin-prettier@5.1.3_@types+eslint@8.44.7_eslint-config-prettier@9.1.0_eslint@8.57.0_prettier@3.1.0/node_modules/eslint-plugin-prettier/worker.js",
  "prettierRcOptions": null,
  "ignored": false,
  "inferredParser": "markdown"
}{"__filename":"/Users/mmkal/src/eslint-plugin-mmkal/node_modules/.pnpm/eslint-plugin-prettier@5.1.3_@types+eslint@8.44.7_eslint-config-prettier@9.1.0_eslint@8.57.0_prettier@3.1.0/node_modules/eslint-plugin-prettier/worker.js","prettierRcOptions":null}{
  "__filename": "/Users/mmkal/src/eslint-plugin-mmkal/node_modules/.pnpm/eslint-plugin-prettier@5.1.3_@types+eslint@8.44.7_eslint-config-prettier@9.1.0_eslint@8.57.0_prettier@3.1.0/node_modules/eslint-plugin-prettier/worker.js",
  "prettierRcOptions": null,
  "ignored": false,
  "inferredParser": "markdown"
}{"__filename":"/Users/mmkal/src/eslint-plugin-mmkal/node_modules/.pnpm/eslint-plugin-prettier@5.1.3_@types+eslint@8.44.7_eslint-config-prettier@9.1.0_eslint@8.57.0_prettier@3.1.0/node_modules/eslint-plugin-prettier/worker.js","prettierRcOptions":null}{
  "__filename": "/Users/mmkal/src/eslint-plugin-mmkal/node_modules/.pnpm/eslint-plugin-prettier@5.1.3_@types+eslint@8.44.7_eslint-config-prettier@9.1.0_eslint@8.57.0_prettier@3.1.0/node_modules/eslint-plugin-prettier/worker.js",
  "prettierRcOptions": null,
  "ignored": false,
  "inferredParser": "markdown"
}